Flow report for counter_mod_16
Wed Jan 17 18:48:07 2018
Quartus II Version 9.0 Build 235 06/17/2009 Service Pack 2 SJ Web Edition


---------------------
; Table of Contents ;
---------------------
  1. Legal Notice
  2. Flow Summary
  3. Flow Settings
  4. Flow Non-Default Global Settings
  5. Flow Elapsed Time
  6. Flow OS Summary
  7. Flow Log



----------------
; Legal Notice ;
----------------
Copyright (C) 1991-2009 Altera Corporation
Your use of Altera Corporation's design tools, logic functions 
and other software and tools, and its AMPP partner logic 
functions, and any output files from any of the foregoing 
(including device programming or simulation files), and any 
associated documentation or information are expressly subject 
to the terms and conditions of the Altera Program License 
Subscription Agreement, Altera MegaCore Function License 
Agreement, or other applicable license agreement, including, 
without limitation, that your use is for the sole purpose of 
programming logic devices manufactured by Altera and sold by 
Altera or its authorized distributors.  Please refer to the 
applicable agreement for further details.



+------------------------------------------------------------------------+
; Flow Summary                                                           ;
+-------------------------+----------------------------------------------+
; Flow Status             ; Successful - Wed Jan 17 18:48:07 2018        ;
; Quartus II Version      ; 9.0 Build 235 06/17/2009 SP 2 SJ Web Edition ;
; Revision Name           ; counter_mod_16                               ;
; Top-level Entity Name   ; counter_mod_16                               ;
; Family                  ; FLEX10K                                      ;
; Device                  ; EPF10K70RC240-4                              ;
; Timing Models           ; Final                                        ;
; Met timing requirements ; Yes                                          ;
; Total logic elements    ; 62 / 3,744 ( 2 % )                           ;
; Total pins              ; 16 / 189 ( 8 % )                             ;
; Total memory bits       ; 0 / 18,432 ( 0 % )                           ;
+-------------------------+----------------------------------------------+


+-----------------------------------------+
; Flow Settings                           ;
+-------------------+---------------------+
; Option            ; Setting             ;
+-------------------+---------------------+
; Start date & time ; 01/17/2018 18:48:01 ;
; Main task         ; Compilation         ;
; Revision Name     ; counter_mod_16      ;
+-------------------+---------------------+


+------------------------------------------------------------------------------------------------------------------------------------------+
; Flow Non-Default Global Settings                                                                                                         ;
+------------------------------------+------------------------------------------------------+---------------+-------------+----------------+
; Assignment Name                    ; Value                                                ; Default Value ; Entity Name ; Section Id     ;
+------------------------------------+------------------------------------------------------+---------------+-------------+----------------+
; COMPILER_SIGNATURE_ID              ; 44883553274184.151621128108444                       ; --            ; --          ; --             ;
; FITTER_EFFORT                      ; Standard Fit                                         ; Auto Fit      ; --          ; --             ;
; MISC_FILE                          ; C:/Users/Radzio/Desktop/fpga/vhdl/counter_mod_16.dpf ; --            ; --          ; --             ;
; OPTIMIZE_HOLD_TIMING               ; IO Paths and Minimum TPD Paths                       ; --            ; --          ; --             ;
; PARTITION_COLOR                    ; 16764057                                             ; --            ; --          ; Top            ;
; PARTITION_NETLIST_TYPE             ; SOURCE                                               ; --            ; --          ; Top            ;
; USE_GENERATED_PHYSICAL_CONSTRAINTS ; Off                                                  ; --            ; --          ; eda_blast_fpga ;
+------------------------------------+------------------------------------------------------+---------------+-------------+----------------+


+-----------------------------------------------------------------------------------------------------------------------------+
; Flow Elapsed Time                                                                                                           ;
+-------------------------+--------------+-------------------------+---------------------+------------------------------------+
; Module Name             ; Elapsed Time ; Average Processors Used ; Peak Virtual Memory ; Total CPU Time (on all processors) ;
+-------------------------+--------------+-------------------------+---------------------+------------------------------------+
; Analysis & Synthesis    ; 00:00:01     ; 1.0                     ; 300 MB              ; 00:00:01                           ;
; Fitter                  ; 00:00:02     ; 1.0                     ; 288 MB              ; 00:00:02                           ;
; Assembler               ; 00:00:00     ; 1.0                     ; 268 MB              ; 00:00:00                           ;
; Classic Timing Analyzer ; 00:00:00     ; 1.0                     ; 234 MB              ; 00:00:00                           ;
; Total                   ; 00:00:03     ; --                      ; --                  ; 00:00:03                           ;
+-------------------------+--------------+-------------------------+---------------------+------------------------------------+


+------------------------------------------------------------------------------------------+
; Flow OS Summary                                                                          ;
+-------------------------+------------------+---------------+------------+----------------+
; Module Name             ; Machine Hostname ; OS Name       ; OS Version ; Processor type ;
+-------------------------+------------------+---------------+------------+----------------+
; Analysis & Synthesis    ; DESKTOP-A6KTA4R  ; Windows Vista ; 6.2        ; x86_64         ;
; Fitter                  ; DESKTOP-A6KTA4R  ; Windows Vista ; 6.2        ; x86_64         ;
; Assembler               ; DESKTOP-A6KTA4R  ; Windows Vista ; 6.2        ; x86_64         ;
; Classic Timing Analyzer ; DESKTOP-A6KTA4R  ; Windows Vista ; 6.2        ; x86_64         ;
+-------------------------+------------------+---------------+------------+----------------+


------------
; Flow Log ;
------------
quartus_map --read_settings_files=on --write_settings_files=off counter_mod_16 -c counter_mod_16
quartus_fit --read_settings_files=off --write_settings_files=off counter_mod_16 -c counter_mod_16
quartus_asm --read_settings_files=off --write_settings_files=off counter_mod_16 -c counter_mod_16
quartus_tan --read_settings_files=off --write_settings_files=off counter_mod_16 -c counter_mod_16



